Flutter crash report.
Please report a bug at https://github.com/flutter/flutter/issues.

## command

flutter run -d chrome

## exception

ExistingDartDevelopmentServiceException: DartDevelopmentServiceException: JSON-RPC error 100: Existing VM service clients prevent DDS from taking control.

```
```

## flutter doctor

```
[32m[✓][39m Flutter (Channel stable, 3.32.8, on Microsoft Windows [Version 10.0.26200.8457], locale en-IN) [727ms]
    [32m•[39m Flutter version 3.32.8 on channel stable at C:\flutter
    [32m•[39m Upstream repository https://github.com/flutter/flutter.git
    [32m•[39m Framework revision edada7c56e (10 months ago), 2025-07-25 14:08:03 +0000
    [32m•[39m Engine revision ef0cd00091
    [32m•[39m Dart version 3.8.1
    [32m•[39m DevTools version 2.45.1

[32m[✓][39m Windows Version (11 Home Single Language 64-bit, 25H2, 2009) [3.3s]

[32m[✓][39m Android toolchain - develop for Android devices (Android SDK version 35.0.0) [5.5s]
    [32m•[39m Android SDK at C:\Users\parma\AppData\Local\Android\sdk
    [32m•[39m Platform android-35, build-tools 35.0.0
    [32m•[39m Java binary at: C:\Program Files\Android\Android Studio2\jbr\bin\java
      This is the JDK bundled with the latest Android Studio installation on this machine.
      To manually set the JDK path, use: `flutter config --jdk-dir="path/to/jdk"`.
    [32m•[39m Java version OpenJDK Runtime Environment (build 21.0.6+-13391695-b895.109)
    [32m•[39m All Android licenses accepted.

[32m[✓][39m Chrome - develop for the web [323ms]
    [32m•[39m Chrome at C:\Program Files\Google\Chrome\Application\chrome.exe

[33m[!][39m Visual Studio - develop Windows apps (SQL Server Management Studio 22 22.1.0) [322ms]
    [32m•[39m Visual Studio at C:\Program Files\Microsoft SQL Server Management Studio 22\Release
    [32m•[39m SQL Server Management Studio 22 version 22.1.11304.174
    [32m•[39m Windows 10 SDK version 10.0.19041.0
    [31m✗[39m Visual Studio is missing necessary components. Please re-run the Visual Studio installer for the "Desktop
      development with C++" workload, and include these components:
        MSVC v142 - VS 2019 C++ x64/x86 build tools
         - If there are multiple build tool versions available, install the latest
        C++ CMake tools for Windows
        Windows 10 SDK

[33m[!][39m Android Studio (version 2025.1.1) [10ms]
    [32m•[39m Android Studio at C:\Program Files\Android\Android Studio
    [32m•[39m Flutter plugin can be installed from:
      🔨 https://plugins.jetbrains.com/plugin/9212-flutter
    [32m•[39m Dart plugin can be installed from:
      🔨 https://plugins.jetbrains.com/plugin/6351-dart
    [31m✗[39m Unable to determine bundled Java version.
    [32m•[39m Try updating or re-installing Android Studio.

[32m[✓][39m Android Studio (version 2025.1.2) [8ms]
    [32m•[39m Android Studio at C:\Program Files\Android\Android Studio2
    [32m•[39m Flutter plugin can be installed from:
      🔨 https://plugins.jetbrains.com/plugin/9212-flutter
    [32m•[39m Dart plugin can be installed from:
      🔨 https://plugins.jetbrains.com/plugin/6351-dart
    [32m•[39m Java version OpenJDK Runtime Environment (build 21.0.6+-13391695-b895.109)

[32m[✓][39m VS Code (version unknown) [8ms]
    [32m•[39m VS Code at C:\Users\parma\AppData\Local\Programs\Microsoft VS Code
    [32m•[39m Flutter extension version 3.136.0
    [31m✗[39m Unable to determine VS Code version.

[32m[✓][39m Connected device (3 available) [138ms]
    [32m•[39m Windows (desktop) • windows • windows-x64    • Microsoft Windows [Version 10.0.26200.8457]
    [32m•[39m Chrome (web)      • chrome  • web-javascript • Google Chrome 148.0.7778.216
    [32m•[39m Edge (web)        • edge    • web-javascript • Microsoft Edge 148.0.3967.96

[32m[✓][39m Network resources [565ms]
    [32m•[39m All expected network resources are available.

[33m![39m Doctor found issues in 2 categories.
```
